<?xml version="1.0" encoding="UTF-8" ?>
<testsuite tests="1" failures="0" name="com.radical.basic.allfilesinsamefolder.RunOneFolderStepDefsTest" time="0.032" errors="1" skipped="0">
  <properties>
[...]
</properties>
  <testcase classname="com.radical.basic.allfilesinsamefolder.RunOneFolderStepDefsTest" name="initializationError" time="0.032">
    <error message="Duplicate step definitions in com.radical.basic.tagsSD.TagsStepDef.user_need_to_be_on_Facebook_login_page() in file:/D:/Selenium_Bhakti/CucumberB15/target/test-classes/ and com.radical.basic.sharedataSD.ShareDataStepDef.user_need_to_be_on_Facebook_login_page() in file:/D:/Selenium_Bhakti/CucumberB15/target/test-classes/" type="cucumber.runtime.DuplicateStepDefinitionException">cucumber.runtime.DuplicateStepDefinitionException: Duplicate step definitions in com.radical.basic.tagsSD.TagsStepDef.user_need_to_be_on_Facebook_login_page() in file:/D:/Selenium_Bhakti/CucumberB15/target/test-classes/ and com.radical.basic.sharedataSD.ShareDataStepDef.user_need_to_be_on_Facebook_login_page() in file:/D:/Selenium_Bhakti/CucumberB15/target/test-classes/
	at cucumber.runtime.RuntimeGlue.addStepDefinition(RuntimeGlue.java:33)
	at cucumber.runtime.java.JavaBackend.addStepDefinition(JavaBackend.java:151)
	at cucumber.runtime.java.MethodScanner.scan(MethodScanner.java:68)
	at cucumber.runtime.java.MethodScanner.scan(MethodScanner.java:41)
	at cucumber.runtime.java.JavaBackend.loadGlue(JavaBackend.java:86)
	at cucumber.runtime.Runtime.&lt;init&gt;(Runtime.java:92)
	at cucumber.runtime.Runtime.&lt;init&gt;(Runtime.java:70)
	at cucumber.runtime.Runtime.&lt;init&gt;(Runtime.java:66)
	at cucumber.api.junit.Cucumber.createRuntime(Cucumber.java:80)
	at cucumber.api.junit.Cucumber.&lt;init&gt;(Cucumber.java:59)
	at sun.reflect.NativeConstructorAccessorImpl.newInstance0(Native Method)
	at sun.reflect.NativeConstructorAccessorImpl.newInstance(Unknown Source)
	at sun.reflect.DelegatingConstructorAccessorImpl.newInstance(Unknown Source)
	at java.lang.reflect.Constructor.newInstance(Unknown Source)
	at org.junit.internal.builders.AnnotatedBuilder.buildRunner(AnnotatedBuilder.java:104)
	at org.junit.internal.builders.AnnotatedBuilder.runnerForClass(AnnotatedBuilder.java:86)
	at org.junit.runners.model.RunnerBuilder.safeRunnerForClass(RunnerBuilder.java:59)
	at org.junit.internal.builders.AllDefaultPossibilitiesBuilder.runnerForClass(AllDefaultPossibilitiesBuilder.java:26)
	at org.junit.runners.model.RunnerBuilder.safeRunnerForClass(RunnerBuilder.java:59)
	at org.junit.internal.requests.ClassRequest.getRunner(ClassRequest.java:33)
	at org.apache.maven.surefire.junit4.JUnit4Provider.execute(JUnit4Provider.java:250)
	at org.apache.maven.surefire.junit4.JUnit4Provider.executeTestSet(JUnit4Provider.java:141)
	at org.apache.maven.surefire.junit4.JUnit4Provider.invoke(JUnit4Provider.java:112)
	at sun.reflect.NativeMethodAccessorImpl.invoke0(Native Method)
	at sun.reflect.NativeMethodAccessorImpl.invoke(Unknown Source)
	at sun.reflect.DelegatingMethodAccessorImpl.invoke(Unknown Source)
	at java.lang.reflect.Method.invoke(Unknown Source)
	at org.apache.maven.surefire.util.ReflectionUtils.invokeMethodWithArray(ReflectionUtils.java:189)
	at org.apache.maven.surefire.booter.ProviderFactory$ProviderProxy.invoke(ProviderFactory.java:165)
	at org.apache.maven.surefire.booter.ProviderFactory.invokeProvider(ProviderFactory.java:85)
	at org.apache.maven.surefire.booter.ForkedBooter.runSuitesInProcess(ForkedBooter.java:115)
	at org.apache.maven.surefire.booter.ForkedBooter.main(ForkedBooter.java:75)
</error>
  </testcase>
</testsuite>